<?xml version="1.0"?>
<!DOCTYPE coverage SYSTEM "http://cobertura.sourceforge.net/xml/coverage-04.dtd">

<coverage line-rate="0.9817073170731707" branch-rate="0.75" lines-covered="161" lines-valid="164" branches-covered="3" branches-valid="4" complexity="2.210526315789474" version="1.9.2" timestamp="1372234984533">
	<sources>
		<source>/Volumes/Clientes/GovFaces/Play Pruebas/play-1.2.5/modules/docviewer/app</source>
		<source>/Volumes/Clientes/GovFaces/Play Pruebas/play-1.2.5/modules/cobertura-2.4/app</source>
		<source>/Volumes/Clientes/GovFaces/Tests/pruebaTest/conf</source>
		<source>/Volumes/Clientes/GovFaces/Play Pruebas/play-1.2.5/modules/testrunner/app</source>
		<source>/Volumes/Clientes/GovFaces/Tests/pruebaTest/test</source>
		<source>/Volumes/Clientes/GovFaces/Tests/pruebaTest/app</source>
	</sources>
	<packages>
		<package name="controllers" line-rate="1.0" branch-rate="1.0" complexity="1.0">
			<classes>
				<class name="controllers.Application" filename="controllers/Application.java" line-rate="1.0" branch-rate="1.0" complexity="1.0">
					<methods>
					</methods>
					<lines>
						<line number="13" hits="1" branch="false"/>
						<line number="14" hits="1" branch="false"/>
					</lines>
				</class>
				<class name="controllers.UserController" filename="controllers/UserController.java" line-rate="1.0" branch-rate="1.0" complexity="1.0">
					<methods>
					</methods>
					<lines>
						<line number="15" hits="9" branch="false"/>
						<line number="16" hits="9" branch="false"/>
						<line number="19" hits="5" branch="false"/>
						<line number="20" hits="5" branch="false"/>
					</lines>
				</class>
			</classes>
		</package>
		<package name="controllers.admin" line-rate="0.9732142857142857" branch-rate="0.75" complexity="1.3333333333333333">
			<classes>
				<class name="controllers.admin.AdminController" filename="controllers/admin/AdminController.java" line-rate="0.9714285714285714" branch-rate="0.8" complexity="1.3333333333333333">
					<methods>
						<method name="&lt;init&gt;" signature="()V" line-rate="0.0" branch-rate="1.0">
							<lines>
								<line number="14" hits="0" branch="false"/>
							</lines>
						</method>
						<method name="index" signature="()V" line-rate="1.0" branch-rate="1.0">
							<lines>
								<line number="17" hits="20" branch="false"/>
								<line number="18" hits="20" branch="false"/>
							</lines>
						</method>
						<method name="showSignUpPoliticianElectedForm" signature="()V" line-rate="1.0" branch-rate="0.75">
							<lines>
								<line number="32" hits="112" branch="false"/>
								<line number="34" hits="112" branch="false"/>
								<line number="35" hits="112" branch="false"/>
								<line number="36" hits="112" branch="false"/>
								<line number="37" hits="112" branch="false"/>
								<line number="38" hits="96" branch="false"/>
								<line number="39" hits="112" branch="false"/>
								<line number="40" hits="112" branch="false"/>
								<line number="42" hits="112" branch="false"/>
								<line number="43" hits="112" branch="false"/>
								<line number="44" hits="112" branch="false"/>
								<line number="45" hits="112" branch="false"/>
								<line number="46" hits="96" branch="false"/>
								<line number="47" hits="112" branch="false"/>
								<line number="48" hits="112" branch="false"/>
								<line number="50" hits="96" branch="false"/>
								<line number="51" hits="112" branch="false"/>
								<line number="52" hits="112" branch="false"/>
								<line number="54" hits="112" branch="false"/>
								<line number="55" hits="112" branch="false"/>
								<line number="56" hits="96" branch="false"/>
								<line number="57" hits="112" branch="false"/>
								<line number="58" hits="112" branch="false"/>
								<line number="60" hits="112" branch="false"/>
								<line number="61" hits="112" branch="false"/>
								<line number="62" hits="112" branch="false"/>
								<line number="63" hits="112" branch="false"/>
								<line number="64" hits="112" branch="false"/>
								<line number="65" hits="112" branch="false"/>
								<line number="66" hits="112" branch="false"/>
								<line number="67" hits="112" branch="false"/>
								<line number="68" hits="112" branch="false"/>
								<line number="69" hits="112" branch="false"/>
								<line number="70" hits="96" branch="false"/>
								<line number="71" hits="112" branch="false"/>
								<line number="72" hits="112" branch="false"/>
								<line number="74" hits="112" branch="false"/>
								<line number="75" hits="112" branch="false"/>
								<line number="76" hits="96" branch="false"/>
								<line number="77" hits="112" branch="false"/>
								<line number="78" hits="112" branch="false"/>
								<line number="80" hits="112" branch="false"/>
								<line number="81" hits="112" branch="false"/>
								<line number="82" hits="96" branch="false"/>
								<line number="83" hits="96" branch="false"/>
								<line number="84" hits="112" branch="false"/>
								<line number="88" hits="112" branch="false"/>
								<line number="89" hits="112" branch="false"/>
								<line number="90" hits="112" branch="true" condition-coverage="50% (1/2)">
									<conditions>
										<condition number="0" type="jump" coverage="50%"/>
									</conditions>
								</line>
								<line number="91" hits="158" branch="true" condition-coverage="100% (2/2)">
									<conditions>
										<condition number="0" type="jump" coverage="100%"/>
									</conditions>
								</line>
								<line number="92" hits="96" branch="false"/>
								<line number="96" hits="24" branch="false"/>
								<line number="97" hits="23" branch="false"/>
								<line number="98" hits="39" branch="false"/>
								<line number="99" hits="32" branch="false"/>
								<line number="100" hits="45" branch="false"/>
								<line number="101" hits="61" branch="false"/>
								<line number="102" hits="48" branch="false"/>
								<line number="103" hits="46" branch="true" condition-coverage="50% (1/2)">
									<conditions>
										<condition number="0" type="jump" coverage="50%"/>
									</conditions>
								</line>
								<line number="104" hits="30" branch="true" condition-coverage="100% (2/2)">
									<conditions>
										<condition number="0" type="jump" coverage="100%"/>
									</conditions>
								</line>
							</lines>
						</method>
						<method name="showSignUpPoliticianNonElectedForm" signature="()V" line-rate="0.0" branch-rate="1.0">
							<lines>
								<line number="111" hits="0" branch="false"/>
								<line number="112" hits="0" branch="false"/>
							</lines>
						</method>
						<method name="submitSignUpPoliticianElectedForm" signature="()V" line-rate="1.0" branch-rate="1.0">
							<lines>
								<line number="107" hits="21" branch="false"/>
								<line number="108" hits="6" branch="false"/>
							</lines>
						</method>
						<method name="submitSignUpPoliticianNonElectedForm" signature="()V" line-rate="1.0" branch-rate="1.0">
							<lines>
								<line number="115" hits="4" branch="false"/>
								<line number="116" hits="4" branch="false"/>
							</lines>
						</method>
					</methods>
					<lines>
						<line number="14" hits="0" branch="false"/>
						<line number="17" hits="20" branch="false"/>
						<line number="18" hits="20" branch="false"/>
						<line number="29" hits="16" branch="false"/>
						<line number="31" hits="16" branch="false"/>
						<line number="32" hits="112" branch="false"/>
						<line number="33" hits="16" branch="false"/>
						<line number="34" hits="112" branch="false"/>
						<line number="35" hits="112" branch="false"/>
						<line number="36" hits="112" branch="false"/>
						<line number="37" hits="112" branch="false"/>
						<line number="38" hits="96" branch="false"/>
						<line number="39" hits="112" branch="false"/>
						<line number="40" hits="112" branch="false"/>
						<line number="41" hits="16" branch="false"/>
						<line number="42" hits="112" branch="false"/>
						<line number="43" hits="112" branch="false"/>
						<line number="44" hits="112" branch="false"/>
						<line number="45" hits="112" branch="false"/>
						<line number="46" hits="96" branch="false"/>
						<line number="47" hits="112" branch="false"/>
						<line number="48" hits="112" branch="false"/>
						<line number="49" hits="16" branch="false"/>
						<line number="50" hits="96" branch="false"/>
						<line number="51" hits="112" branch="false"/>
						<line number="52" hits="112" branch="false"/>
						<line number="53" hits="16" branch="false"/>
						<line number="54" hits="112" branch="false"/>
						<line number="55" hits="112" branch="false"/>
						<line number="56" hits="96" branch="false"/>
						<line number="57" hits="112" branch="false"/>
						<line number="58" hits="112" branch="false"/>
						<line number="59" hits="16" branch="false"/>
						<line number="60" hits="112" branch="false"/>
						<line number="61" hits="112" branch="false"/>
						<line number="62" hits="112" branch="false"/>
						<line number="63" hits="112" branch="false"/>
						<line number="64" hits="112" branch="false"/>
						<line number="65" hits="112" branch="false"/>
						<line number="66" hits="112" branch="false"/>
						<line number="67" hits="112" branch="false"/>
						<line number="68" hits="112" branch="false"/>
						<line number="69" hits="112" branch="false"/>
						<line number="70" hits="96" branch="false"/>
						<line number="71" hits="112" branch="false"/>
						<line number="72" hits="112" branch="false"/>
						<line number="73" hits="16" branch="false"/>
						<line number="74" hits="112" branch="false"/>
						<line number="75" hits="112" branch="false"/>
						<line number="76" hits="96" branch="false"/>
						<line number="77" hits="112" branch="false"/>
						<line number="78" hits="112" branch="false"/>
						<line number="79" hits="16" branch="false"/>
						<line number="80" hits="112" branch="false"/>
						<line number="81" hits="112" branch="false"/>
						<line number="82" hits="96" branch="false"/>
						<line number="83" hits="96" branch="false"/>
						<line number="84" hits="112" branch="false"/>
						<line number="85" hits="16" branch="false"/>
						<line number="86" hits="89" branch="false"/>
						<line number="87" hits="89" branch="false"/>
						<line number="88" hits="112" branch="false"/>
						<line number="89" hits="112" branch="false"/>
						<line number="90" hits="112" branch="true" condition-coverage="50% (1/2)">
							<conditions>
								<condition number="0" type="jump" coverage="50%"/>
							</conditions>
						</line>
						<line number="91" hits="158" branch="true" condition-coverage="100% (2/2)">
							<conditions>
								<condition number="0" type="jump" coverage="100%"/>
							</conditions>
						</line>
						<line number="92" hits="96" branch="false"/>
						<line number="93" hits="73" branch="false"/>
						<line number="95" hits="1" branch="false"/>
						<line number="96" hits="24" branch="false"/>
						<line number="97" hits="23" branch="false"/>
						<line number="98" hits="39" branch="false"/>
						<line number="99" hits="32" branch="false"/>
						<line number="100" hits="45" branch="false"/>
						<line number="101" hits="61" branch="false"/>
						<line number="102" hits="48" branch="false"/>
						<line number="103" hits="46" branch="true" condition-coverage="50% (1/2)">
							<conditions>
								<condition number="0" type="jump" coverage="50%"/>
							</conditions>
						</line>
						<line number="104" hits="30" branch="true" condition-coverage="100% (2/2)">
							<conditions>
								<condition number="0" type="jump" coverage="100%"/>
							</conditions>
						</line>
						<line number="105" hits="38" branch="true" condition-coverage="100% (2/2)">
							<conditions>
								<condition number="0" type="jump" coverage="100%"/>
							</conditions>
						</line>
						<line number="106" hits="35" branch="false"/>
						<line number="107" hits="21" branch="false"/>
						<line number="108" hits="6" branch="false"/>
						<line number="110" hits="4" branch="false"/>
						<line number="111" hits="0" branch="false"/>
						<line number="112" hits="0" branch="false"/>
						<line number="113" hits="11" branch="false"/>
						<line number="114" hits="11" branch="false"/>
						<line number="115" hits="4" branch="false"/>
						<line number="116" hits="4" branch="false"/>
						<line number="117" hits="18" branch="false"/>
						<line number="118" hits="18" branch="false"/>
						<line number="119" hits="8" branch="false"/>
						<line number="120" hits="8" branch="false"/>
						<line number="121" hits="7" branch="false"/>
						<line number="122" hits="9" branch="true" condition-coverage="50% (1/2)">
							<conditions>
								<condition number="0" type="jump" coverage="50%"/>
							</conditions>
						</line>
						<line number="123" hits="24" branch="true" condition-coverage="50% (1/2)">
							<conditions>
								<condition number="0" type="jump" coverage="50%"/>
							</conditions>
						</line>
						<line number="124" hits="20" branch="false"/>
						<line number="125" hits="24" branch="true" condition-coverage="100% (2/2)">
							<conditions>
								<condition number="0" type="jump" coverage="100%"/>
							</conditions>
						</line>
						<line number="126" hits="13" branch="false"/>
						<line number="127" hits="6" branch="true" condition-coverage="100% (2/2)">
							<conditions>
								<condition number="0" type="jump" coverage="100%"/>
							</conditions>
						</line>
						<line number="128" hits="12" branch="true" condition-coverage="100% (2/2)">
							<conditions>
								<condition number="0" type="jump" coverage="100%"/>
							</conditions>
						</line>
						<line number="129" hits="9" branch="false"/>
						<line number="130" hits="11" branch="false"/>
						<line number="131" hits="7" branch="false"/>
						<line number="132" hits="2" branch="false"/>
						<line number="133" hits="1" branch="false"/>
					</lines>
				</class>
				<class name="controllers.admin.AdminController$1Item" filename="controllers/admin/AdminController.java" line-rate="1.0" branch-rate="1.0" complexity="1.3333333333333333">
					<methods>
						<method name="&lt;init&gt;" signature="(Ljava/lang/Long;Ljava/lang/String;)V" line-rate="1.0" branch-rate="1.0">
							<lines>
								<line number="26" hits="2128" branch="false"/>
								<line number="27" hits="1824" branch="false"/>
								<line number="28" hits="1824" branch="false"/>
								<line number="29" hits="1824" branch="false"/>
							</lines>
						</method>
					</methods>
					<lines>
						<line number="23" hits="304" branch="false"/>
						<line number="24" hits="304" branch="false"/>
						<line number="25" hits="304" branch="false"/>
						<line number="26" hits="2128" branch="false"/>
						<line number="27" hits="1824" branch="false"/>
						<line number="28" hits="1824" branch="false"/>
						<line number="29" hits="1824" branch="false"/>
					</lines>
				</class>
			</classes>
		</package>
		<package name="javi.pages" line-rate="1.0" branch-rate="1.0" complexity="3.3333333333333335">
			<classes>
				<class name="javi.pages.LoginPage" filename="javi/pages/LoginPage.java" line-rate="1.0" branch-rate="0.5769230769230769" complexity="3.3333333333333335">
					<methods>
					</methods>
					<lines>
						<line number="25" hits="7" branch="false"/>
						<line number="50" hits="7" branch="false"/>
						<line number="51" hits="7" branch="false"/>
						<line number="52" hits="7" branch="false"/>
						<line number="60" hits="7" branch="false"/>
						<line number="61" hits="7" branch="false"/>
						<line number="67" hits="7" branch="false"/>
						<line number="68" hits="7" branch="false"/>
						<line number="87" hits="1" branch="false"/>
						<line number="89" hits="1" branch="false"/>
						<line number="90" hits="1" branch="true" condition-coverage="50% (2/4)">
							<conditions>
								<condition number="0" type="jump" coverage="50%"/>
								<condition number="1" type="jump" coverage="50%"/>
							</conditions>
						</line>
						<line number="91" hits="1" branch="true" condition-coverage="50% (2/4)">
							<conditions>
								<condition number="0" type="jump" coverage="50%"/>
								<condition number="1" type="jump" coverage="50%"/>
							</conditions>
						</line>
						<line number="92" hits="1" branch="true" condition-coverage="50% (2/4)">
							<conditions>
								<condition number="0" type="jump" coverage="50%"/>
								<condition number="1" type="jump" coverage="50%"/>
							</conditions>
						</line>
						<line number="93" hits="1" branch="true" condition-coverage="50% (2/4)">
							<conditions>
								<condition number="0" type="jump" coverage="50%"/>
								<condition number="1" type="jump" coverage="50%"/>
							</conditions>
						</line>
						<line number="95" hits="1" branch="true" condition-coverage="50% (1/2)">
							<conditions>
								<condition number="0" type="jump" coverage="50%"/>
							</conditions>
						</line>
						<line number="105" hits="1" branch="false"/>
						<line number="108" hits="1" branch="false"/>
						<line number="111" hits="1" branch="true" condition-coverage="50% (1/2)">
							<conditions>
								<condition number="0" type="jump" coverage="50%"/>
							</conditions>
						</line>
						<line number="113" hits="4" branch="true" condition-coverage="100% (2/2)">
							<conditions>
								<condition number="0" type="jump" coverage="100%"/>
							</conditions>
						</line>
						<line number="116" hits="2" branch="false"/>
						<line number="118" hits="2" branch="true" condition-coverage="100% (2/2)">
							<conditions>
								<condition number="0" type="jump" coverage="100%"/>
							</conditions>
						</line>
						<line number="121" hits="1" branch="false"/>
						<line number="122" hits="1" branch="false"/>
						<line number="125" hits="1" branch="true" condition-coverage="50% (1/2)">
							<conditions>
								<condition number="0" type="jump" coverage="50%"/>
							</conditions>
						</line>
						<line number="131" hits="1" branch="false"/>
						<line number="136" hits="1" branch="false"/>
						<line number="162" hits="5" branch="false"/>
						<line number="164" hits="5" branch="false"/>
						<line number="165" hits="5" branch="false"/>
						<line number="166" hits="5" branch="false"/>
						<line number="168" hits="5" branch="false"/>
						<line number="172" hits="10" branch="false"/>
						<line number="173" hits="5" branch="false"/>
						<line number="203" hits="3" branch="false"/>
					</lines>
				</class>
				<class name="javi.pages.LoginPage$1" filename="javi/pages/LoginPage.java" line-rate="1.0" branch-rate="0.9" complexity="3.3333333333333335">
					<methods>
					</methods>
					<lines>
						<line number="1" hits="50" branch="false"/>
						<line number="173" hits="5" branch="false"/>
						<line number="177" hits="45" branch="true" condition-coverage="100% (2/2)">
							<conditions>
								<condition number="0" type="jump" coverage="100%"/>
							</conditions>
						</line>
						<line number="178" hits="21" branch="false"/>
						<line number="180" hits="24" branch="true" condition-coverage="100% (2/2)">
							<conditions>
								<condition number="0" type="jump" coverage="100%"/>
							</conditions>
						</line>
						<line number="181" hits="21" branch="false"/>
						<line number="183" hits="3" branch="true" condition-coverage="100% (2/2)">
							<conditions>
								<condition number="0" type="jump" coverage="100%"/>
							</conditions>
						</line>
						<line number="184" hits="1" branch="false"/>
						<line number="186" hits="2" branch="true" condition-coverage="100% (2/2)">
							<conditions>
								<condition number="0" type="jump" coverage="100%"/>
							</conditions>
						</line>
						<line number="187" hits="1" branch="false"/>
						<line number="189" hits="1" branch="true" condition-coverage="50% (1/2)">
							<conditions>
								<condition number="0" type="jump" coverage="50%"/>
							</conditions>
						</line>
						<line number="190" hits="1" branch="false"/>
					</lines>
				</class>
			</classes>
		</package>
	</packages>
</coverage>
